<?xml version="1.0" encoding="UTF-8" ?>
<testsuite failures="2" time="0.049" errors="0" skipped="0" tests="3" name="com.mycompany.mavenproject1.AppTest">
  <properties>
[...]
</properties>
  <testcase time="0.004" classname="com.mycompany.mavenproject1.AppTest" name="testApp"/>
  <testcase time="0.007" classname="com.mycompany.mavenproject1.AppTest" name="testPrintHello">
    <failure message="expected:&lt;...w...&gt; but was:&lt;...W...&gt;" type="junit.framework.ComparisonFailure">junit.framework.ComparisonFailure: expected:&lt;...w...&gt; but was:&lt;...W...&gt;
	at junit.framework.Assert.assertEquals(Assert.java:81)
	at junit.framework.Assert.assertEquals(Assert.java:87)
	at com.mycompany.mavenproject1.AppTest.testPrintHello(AppTest.java:47)
</failure>
    <system-out>printHello
</system-out>
  </testcase>
  <testcase time="0" classname="com.mycompany.mavenproject1.AppTest" name="testAlgo">
    <failure message="expected:&lt;...lg...&gt; but was:&lt;...gl...&gt;" type="junit.framework.ComparisonFailure">junit.framework.ComparisonFailure: expected:&lt;...lg...&gt; but was:&lt;...gl...&gt;
	at junit.framework.Assert.assertEquals(Assert.java:81)
	at junit.framework.Assert.assertEquals(Assert.java:87)
	at com.mycompany.mavenproject1.AppTest.testAlgo(AppTest.java:56)
</failure>
  </testcase>
</testsuite>